2026-03-17 12:57:42 | INFO     | Evaluator    | 开始评估 HAZOP 分析报告...
2026-03-17 12:57:42 | DEBUG    | Evaluator    | PCC: 5/6 类别覆盖 → 0.833
2026-03-17 12:57:42 | DEBUG    | Evaluator    | 命中详情: {'热力学': ['温度', '热量', '吸热'], '传热传质': ['传热', 'Re', '对流'], '流体力学': ['流量', '流速'], '守恒定律': ['能量守恒'], '设备完整性': ['疲劳', '泄漏', '裂纹']}
2026-03-17 12:57:42 | DEBUG    | Evaluator    | CCC: 0.889 （1 个偏差）
2026-03-17 12:57:42 | DEBUG    | Evaluator    | RDI: 0.989 （3 条建议）
2026-03-17 12:57:42 | DEBUG    | Evaluator    | LCC: 1.000 （引用案例: ['R014', 'R002', 'R001']）
2026-03-17 12:57:42 | SUCCESS  | Evaluator    | 评估完成 | PCC=0.83 CCC=0.89 RDI=0.99 LCC=1.00 | 综合=0.91 优秀 ★★★★★
2026-03-17 13:17:43 | INFO     | Evaluator    | 开始评估 HAZOP 分析报告...
2026-03-17 13:17:43 | DEBUG    | Evaluator    | PCC: 5/6 类别覆盖 → 0.833
2026-03-17 13:17:43 | DEBUG    | Evaluator    | 命中详情: {'传热传质': ['Re', '扩散'], '流体力学': ['压力'], '守恒定律': ['质量守恒'], '化学反应': ['催化', 'LEL'], '设备完整性': ['腐蚀', '泄漏', '裂纹']}
2026-03-17 13:17:43 | DEBUG    | Evaluator    | CCC: 1.000 （1 个偏差）
2026-03-17 13:17:43 | DEBUG    | Evaluator    | RDI: 1.000 （3 条建议）
2026-03-17 13:17:43 | DEBUG    | Evaluator    | LCC: 1.000 （引用案例: ['R020', 'R008', 'R026']）
2026-03-17 13:17:43 | SUCCESS  | Evaluator    | 评估完成 | PCC=0.83 CCC=1.00 RDI=1.00 LCC=1.00 | 综合=0.94 优秀 ★★★★★
2026-03-17 18:06:29 | INFO     | Evaluator    | 开始评估 HAZOP 分析报告...
2026-03-17 18:06:29 | DEBUG    | Evaluator    | PCC: 5/6 类别覆盖 → 0.833
2026-03-17 18:06:29 | DEBUG    | Evaluator    | 命中详情: {'传热传质': ['Re', '扩散'], '流体力学': ['压力', '流量'], '守恒定律': ['质量守恒'], '化学反应': ['爆炸极限', 'LEL'], '设备完整性': ['腐蚀', '泄漏', '应力']}
2026-03-17 18:06:29 | DEBUG    | Evaluator    | CCC: 1.000 （1 个偏差）
2026-03-17 18:06:29 | DEBUG    | Evaluator    | RDI: 0.989 （3 条建议）
2026-03-17 18:06:29 | DEBUG    | Evaluator    | LCC: 1.000 （引用案例: ['R026', 'R008', 'R020']）
2026-03-17 18:06:29 | SUCCESS  | Evaluator    | 评估完成 | PCC=0.83 CCC=1.00 RDI=0.99 LCC=1.00 | 综合=0.94 优秀 ★★★★★
2026-03-17 18:08:14 | INFO     | Evaluator    | 开始评估 HAZOP 分析报告...
2026-03-17 18:08:14 | DEBUG    | Evaluator    | PCC: 4/6 类别覆盖 → 0.667
2026-03-17 18:08:14 | DEBUG    | Evaluator    | 命中详情: {'传热传质': ['Re', '扩散', '蒸发'], '流体力学': ['压力', '流量'], '守恒定律': ['质量守恒'], '设备完整性': ['泄漏']}
2026-03-17 18:08:14 | DEBUG    | Evaluator    | CCC: 0.889 （1 个偏差）
2026-03-17 18:08:14 | DEBUG    | Evaluator    | RDI: 0.989 （3 条建议）
2026-03-17 18:08:14 | DEBUG    | Evaluator    | LCC: 1.000 （引用案例: ['R034', 'R017', 'R012']）
2026-03-17 18:08:14 | SUCCESS  | Evaluator    | 评估完成 | PCC=0.67 CCC=0.89 RDI=0.99 LCC=1.00 | 综合=0.85 良好 ★★★★
2026-03-17 20:10:34 | INFO     | Evaluator    | 开始评估 HAZOP 分析报告...
2026-03-17 20:10:34 | DEBUG    | Evaluator    | PCC: 5/6 类别覆盖 → 0.833
2026-03-17 20:10:34 | DEBUG    | Evaluator    | 命中详情: {'热力学': ['放热'], '传热传质': ['Re'], '流体力学': ['压力', '流量'], '守恒定律': ['质量守恒'], '设备完整性': ['泄漏', '应力']}
2026-03-17 20:10:34 | DEBUG    | Evaluator    | CCC: 0.889 （1 个偏差）
2026-03-17 20:10:34 | DEBUG    | Evaluator    | RDI: 1.000 （3 条建议）
2026-03-17 20:10:34 | DEBUG    | Evaluator    | LCC: 1.000 （引用案例: ['R017', 'R006', 'R036']）
2026-03-17 20:10:34 | SUCCESS  | Evaluator    | 评估完成 | PCC=0.83 CCC=0.89 RDI=1.00 LCC=1.00 | 综合=0.91 优秀 ★★★★★
2026-03-17 20:47:00 | INFO     | Evaluator    | 开始评估 HAZOP 分析报告...
2026-03-17 20:47:00 | DEBUG    | Evaluator    | PCC: 4/6 类别覆盖 → 0.667
2026-03-17 20:47:00 | DEBUG    | Evaluator    | 命中详情: {'传热传质': ['Re', '扩散'], '流体力学': ['流量'], '守恒定律': ['质量守恒'], '设备完整性': ['泄漏']}
2026-03-17 20:47:00 | DEBUG    | Evaluator    | CCC: 0.889 （1 个偏差）
2026-03-17 20:47:00 | DEBUG    | Evaluator    | RDI: 0.933 （3 条建议）
2026-03-17 20:47:00 | DEBUG    | Evaluator    | LCC: 1.000 （引用案例: ['R034', 'R012', 'R006']）
2026-03-17 20:47:00 | SUCCESS  | Evaluator    | 评估完成 | PCC=0.67 CCC=0.89 RDI=0.93 LCC=1.00 | 综合=0.84 良好 ★★★★
2026-03-17 21:49:07 | INFO     | Evaluator    | 开始评估 HAZOP 分析报告...
2026-03-17 21:49:07 | DEBUG    | Evaluator    | PCC: 5/6 类别覆盖 → 0.833
2026-03-17 21:49:07 | DEBUG    | Evaluator    | 命中详情: {'热力学': ['温度', '热失控'], '传热传质': ['Re', '扩散'], '流体力学': ['压力', '流量'], '守恒定律': ['质量守恒'], '设备完整性': ['泄漏', '应力', '密封']}
2026-03-17 21:49:07 | DEBUG    | Evaluator    | CCC: 0.889 （1 个偏差）
2026-03-17 21:49:07 | DEBUG    | Evaluator    | RDI: 0.989 （3 条建议）
2026-03-17 21:49:07 | DEBUG    | Evaluator    | LCC: 1.000 （引用案例: ['R017', 'R006', 'R036']）
2026-03-17 21:49:07 | SUCCESS  | Evaluator    | 评估完成 | PCC=0.83 CCC=0.89 RDI=0.99 LCC=1.00 | 综合=0.91 优秀 ★★★★★
