2026-03-11 10:59:57 | INFO     | Evaluator    | 开始评估 HAZOP 分析报告...
2026-03-11 10:59:57 | DEBUG    | Evaluator    | PCC: 5/6 类别覆盖 → 0.833
2026-03-11 10:59:57 | DEBUG    | Evaluator    | 命中详情: {'热力学': ['温度', '绝热', 'Arrhenius'], '传热传质': ['Re', '闪蒸'], '流体力学': ['压力'], '化学反应': ['反应速率', '失控反应', 'LEL'], '设备完整性': ['泄漏']}
2026-03-11 10:59:57 | DEBUG    | Evaluator    | CCC: 1.000 （1 个偏差分析）
2026-03-11 10:59:57 | DEBUG    | Evaluator    | RDI: 1.000 （2 条建议）
2026-03-11 10:59:57 | DEBUG    | Evaluator    | LCC: 1.000 （引用案例: ['R002', 'R006', 'R005']）
2026-03-11 10:59:57 | SUCCESS  | Evaluator    | 评估完成 | PCC=0.83 CCC=1.00 RDI=1.00 LCC=1.00 | 综合=0.94 优秀 ★★★★★
2026-03-11 11:59:57 | INFO     | Evaluator    | 开始评估 HAZOP 分析报告...
2026-03-11 11:59:57 | DEBUG    | Evaluator    | PCC: 4/6 类别覆盖 → 0.667
2026-03-11 11:59:57 | DEBUG    | Evaluator    | 命中详情: {'传热传质': ['Nu', 'Re', '扩散'], '流体力学': ['压力'], '化学反应': ['催化', '爆炸极限', 'LEL'], '设备完整性': ['泄漏']}
2026-03-11 11:59:57 | DEBUG    | Evaluator    | CCC: 1.000 （1 个偏差分析）
2026-03-11 11:59:57 | DEBUG    | Evaluator    | RDI: 0.933 （2 条建议）
2026-03-11 11:59:57 | DEBUG    | Evaluator    | LCC: 1.000 （引用案例: ['R004', 'R008', 'R005']）
2026-03-11 11:59:57 | SUCCESS  | Evaluator    | 评估完成 | PCC=0.67 CCC=1.00 RDI=0.93 LCC=1.00 | 综合=0.87 优秀 ★★★★★
2026-03-11 13:08:10 | INFO     | Evaluator    | 开始评估 HAZOP 分析报告...
2026-03-11 13:08:10 | DEBUG    | Evaluator    | PCC: 5/6 类别覆盖 → 0.833
2026-03-11 13:08:10 | DEBUG    | Evaluator    | 命中详情: {'热力学': ['温度'], '传热传质': ['Nu', 'Re', '对流'], '流体力学': ['压力', '流量'], '化学反应': ['催化', 'LEL'], '设备完整性': ['应力', '泄漏']}
2026-03-11 13:08:10 | DEBUG    | Evaluator    | CCC: 1.000 （1 个偏差分析）
2026-03-11 13:08:10 | DEBUG    | Evaluator    | RDI: 0.667 （1 条建议）
2026-03-11 13:08:10 | DEBUG    | Evaluator    | LCC: 1.000 （引用案例: ['R008', 'R004', 'R005']）
2026-03-11 13:08:10 | SUCCESS  | Evaluator    | 评估完成 | PCC=0.83 CCC=1.00 RDI=0.67 LCC=1.00 | 综合=0.88 优秀 ★★★★★
