2026-03-18 11:15:22 | INFO     | Evaluator    | 开始评估 HAZOP 分析报告...
2026-03-18 11:15:22 | DEBUG    | Evaluator    | PCC: 5/6 类别覆盖 → 0.833
2026-03-18 11:15:22 | DEBUG    | Evaluator    | 命中详情: {'热力学': ['放热'], '传热传质': ['Re', '扩散'], '流体力学': ['压力', '流量', '流速'], '守恒定律': ['质量守恒'], '设备完整性': ['泄漏', '密封']}
2026-03-18 11:15:22 | DEBUG    | Evaluator    | CCC: 0.778 （1 个偏差）
2026-03-18 11:15:22 | DEBUG    | Evaluator    | RDI: 0.933 （3 条建议）
2026-03-18 11:15:22 | DEBUG    | Evaluator    | LCC: 1.000 （引用案例: ['R034', 'R002', 'R006']）
2026-03-18 11:15:22 | SUCCESS  | Evaluator    | 评估完成 | PCC=0.83 CCC=0.78 RDI=0.93 LCC=1.00 | 综合=0.86 优秀 ★★★★★
2026-03-18 11:17:05 | INFO     | Evaluator    | 开始评估 HAZOP 分析报告...
2026-03-18 11:17:05 | DEBUG    | Evaluator    | PCC: 6/6 类别覆盖 → 1.000
2026-03-18 11:17:05 | DEBUG    | Evaluator    | 命中详情: {'热力学': ['温度', '热量', '热失控'], '传热传质': ['传热', 'Re', '对流'], '流体力学': ['压力', '流量'], '守恒定律': ['能量守恒'], '化学反应': ['催化'], '设备完整性': ['腐蚀', '疲劳', '泄漏']}
2026-03-18 11:17:05 | DEBUG    | Evaluator    | CCC: 0.889 （1 个偏差）
2026-03-18 11:17:05 | DEBUG    | Evaluator    | RDI: 0.933 （3 条建议）
2026-03-18 11:17:05 | DEBUG    | Evaluator    | LCC: 1.000 （引用案例: ['R014', 'R002', 'R023']）
2026-03-18 11:17:05 | SUCCESS  | Evaluator    | 评估完成 | PCC=1.00 CCC=0.89 RDI=0.93 LCC=1.00 | 综合=0.95 优秀 ★★★★★
2026-03-18 11:19:28 | INFO     | Evaluator    | 开始评估 HAZOP 分析报告...
2026-03-18 11:19:28 | DEBUG    | Evaluator    | PCC: 5/6 类别覆盖 → 0.833
2026-03-18 11:19:28 | DEBUG    | Evaluator    | 命中详情: {'热力学': ['温度', '热平衡', '绝热'], '传热传质': ['传热', 'Re', '换热'], '流体力学': ['压力', '流量'], '守恒定律': ['能量守恒', '热平衡'], '化学反应': ['反应速率', '催化']}
2026-03-18 11:19:28 | DEBUG    | Evaluator    | CCC: 0.889 （1 个偏差）
2026-03-18 11:19:28 | DEBUG    | Evaluator    | RDI: 0.933 （3 条建议）
2026-03-18 11:19:28 | DEBUG    | Evaluator    | LCC: 1.000 （引用案例: ['R010', 'R002', 'R009']）
2026-03-18 11:19:28 | SUCCESS  | Evaluator    | 评估完成 | PCC=0.83 CCC=0.89 RDI=0.93 LCC=1.00 | 综合=0.90 优秀 ★★★★★
