2026-03-16 16:32:29 | INFO     | Evaluator    | 开始评估 HAZOP 分析报告...
2026-03-16 16:32:29 | DEBUG    | Evaluator    | PCC: 6/6 类别覆盖 → 1.000
2026-03-16 16:32:29 | DEBUG    | Evaluator    | 命中详情: {'热力学': ['温度', '热量', '热平衡'], '传热传质': ['传热', 'Re'], '流体力学': ['压力', '流量'], '守恒定律': ['质量守恒', '能量守恒', '热平衡'], '化学反应': ['反应速率', '催化', '失控反应'], '设备完整性': ['泄漏', '应力']}
2026-03-16 16:32:29 | DEBUG    | Evaluator    | CCC: 0.778 （1 个偏差）
2026-03-16 16:32:29 | DEBUG    | Evaluator    | RDI: 0.933 （3 条建议）
2026-03-16 16:32:29 | DEBUG    | Evaluator    | LCC: 1.000 （引用案例: ['R002', 'R009', 'R010']）
2026-03-16 16:32:29 | SUCCESS  | Evaluator    | 评估完成 | PCC=1.00 CCC=0.78 RDI=0.93 LCC=1.00 | 综合=0.92 优秀 ★★★★★
2026-03-16 17:03:58 | INFO     | Evaluator    | 开始评估 HAZOP 分析报告...
2026-03-16 17:03:58 | DEBUG    | Evaluator    | PCC: 4/6 类别覆盖 → 0.667
2026-03-16 17:03:58 | DEBUG    | Evaluator    | 命中详情: {'传热传质': ['Re'], '流体力学': ['流量'], '守恒定律': ['质量守恒'], '设备完整性': ['腐蚀', '泄漏']}
2026-03-16 17:03:58 | DEBUG    | Evaluator    | CCC: 0.889 （1 个偏差）
2026-03-16 17:03:58 | DEBUG    | Evaluator    | RDI: 0.989 （3 条建议）
2026-03-16 17:03:58 | DEBUG    | Evaluator    | LCC: 1.000 （引用案例: ['R034', 'R017', 'R019']）
2026-03-16 17:03:58 | SUCCESS  | Evaluator    | 评估完成 | PCC=0.67 CCC=0.89 RDI=0.99 LCC=1.00 | 综合=0.85 良好 ★★★★
2026-03-16 17:24:10 | INFO     | Evaluator    | 开始评估 HAZOP 分析报告...
2026-03-16 17:24:10 | DEBUG    | Evaluator    | PCC: 4/6 类别覆盖 → 0.667
2026-03-16 17:24:10 | DEBUG    | Evaluator    | 命中详情: {'热力学': ['温度', '热失控', '放热'], '传热传质': ['传热', 'Re'], '流体力学': ['压力', '流量'], '化学反应': ['反应速率', '催化']}
2026-03-16 17:24:10 | DEBUG    | Evaluator    | CCC: 0.889 （1 个偏差）
2026-03-16 17:24:10 | DEBUG    | Evaluator    | RDI: 1.000 （3 条建议）
2026-03-16 17:24:10 | DEBUG    | Evaluator    | LCC: 1.000 （引用案例: ['R002', 'R010', 'R009']）
2026-03-16 17:24:10 | SUCCESS  | Evaluator    | 评估完成 | PCC=0.67 CCC=0.89 RDI=1.00 LCC=1.00 | 综合=0.85 优秀 ★★★★★
2026-03-16 19:25:22 | INFO     | Evaluator    | 开始评估 HAZOP 分析报告...
2026-03-16 19:25:22 | DEBUG    | Evaluator    | PCC: 5/6 类别覆盖 → 0.833
2026-03-16 19:25:22 | DEBUG    | Evaluator    | 命中详情: {'热力学': ['温度', '热量', '冷却'], '传热传质': ['传热', 'Re', '对流'], '流体力学': ['压力', '流量', '流速'], '守恒定律': ['能量守恒'], '设备完整性': ['疲劳', '泄漏', '裂纹']}
2026-03-16 19:25:22 | DEBUG    | Evaluator    | CCC: 0.889 （1 个偏差）
2026-03-16 19:25:22 | DEBUG    | Evaluator    | RDI: 0.933 （3 条建议）
2026-03-16 19:25:22 | DEBUG    | Evaluator    | LCC: 1.000 （引用案例: ['R014', 'R002', 'R001']）
2026-03-16 19:25:22 | SUCCESS  | Evaluator    | 评估完成 | PCC=0.83 CCC=0.89 RDI=0.93 LCC=1.00 | 综合=0.90 优秀 ★★★★★
